<?xml version="1.0" encoding="UTF-8"?>
<coverage generated="1770287007015" clover="3.2.0">
  <project timestamp="1770287007015" name="All files">
    <metrics statements="25" coveredstatements="25" conditionals="10" coveredconditionals="10" methods="9" coveredmethods="9" elements="44" coveredelements="44" complexity="0" loc="25" ncloc="25" packages="3" files="7" classes="7"/>
    <package name="assets">
      <metrics statements="0" coveredstatements="0" conditionals="0" coveredconditionals="0" methods="0" coveredmethods="0"/>
      <file name="algoai.png" path="C:\Users\Hp\dashboard\src\assets\algoai.png">
        <metrics statements="0" coveredstatements="0" conditionals="0" coveredconditionals="0" methods="0" coveredmethods="0"/>
      </file>
      <file name="dnacoe.png" path="C:\Users\Hp\dashboard\src\assets\dnacoe.png">
        <metrics statements="0" coveredstatements="0" conditionals="0" coveredconditionals="0" methods="0" coveredmethods="0"/>
      </file>
      <file name="project-infinity.png" path="C:\Users\Hp\dashboard\src\assets\project-infinity.png">
        <metrics statements="0" coveredstatements="0" conditionals="0" coveredconditionals="0" methods="0" coveredmethods="0"/>
      </file>
    </package>
    <package name="components">
      <metrics statements="8" coveredstatements="8" conditionals="7" coveredconditionals="7" methods="3" coveredmethods="3"/>
      <file name="LoginForm.css" path="C:\Users\Hp\dashboard\src\components\LoginForm.css">
        <metrics statements="0" coveredstatements="0" conditionals="0" coveredconditionals="0" methods="0" coveredmethods="0"/>
      </file>
      <file name="LoginForm.jsx" path="C:\Users\Hp\dashboard\src\components\LoginForm.jsx">
        <metrics statements="8" coveredstatements="8" conditionals="7" coveredconditionals="7" methods="3" coveredmethods="3"/>
        <line num="10" count="2" type="stmt"/>
        <line num="14" count="2" type="stmt"/>
        <line num="15" count="24" type="stmt"/>
        <line num="17" count="24" type="stmt"/>
        <line num="70" count="8" type="stmt"/>
        <line num="73" count="8" type="stmt"/>
        <line num="75" count="8" type="stmt"/>
        <line num="79" count="215" type="stmt"/>
      </file>
    </package>
    <package name="pages">
      <metrics statements="17" coveredstatements="17" conditionals="3" coveredconditionals="3" methods="6" coveredmethods="6"/>
      <file name="HomePage.css" path="C:\Users\Hp\dashboard\src\pages\HomePage.css">
        <metrics statements="0" coveredstatements="0" conditionals="0" coveredconditionals="0" methods="0" coveredmethods="0"/>
      </file>
      <file name="HomePage.jsx" path="C:\Users\Hp\dashboard\src\pages\HomePage.jsx">
        <metrics statements="17" coveredstatements="17" conditionals="3" coveredconditionals="3" methods="6" coveredmethods="6"/>
        <line num="10" count="2" type="stmt"/>
        <line num="16" count="2" type="stmt"/>
        <line num="22" count="2" type="cond" truecount="1" falsecount="0"/>
        <line num="23" count="60" type="stmt"/>
        <line num="25" count="60" type="stmt"/>
        <line num="26" count="5" type="stmt"/>
        <line num="27" count="5" type="stmt"/>
        <line num="30" count="60" type="stmt"/>
        <line num="31" count="9" type="stmt"/>
        <line num="35" count="60" type="stmt"/>
        <line num="36" count="2" type="stmt"/>
        <line num="40" count="60" type="stmt"/>
        <line num="41" count="8" type="stmt"/>
        <line num="45" count="60" type="stmt"/>
        <line num="47" count="5" type="stmt"/>
        <line num="48" count="5" type="stmt"/>
        <line num="51" count="60" type="stmt"/>
      </file>
    </package>
  </project>
</coverage>
