{"C:\\Users\\Hp\\dashboard\\App.css": {"path":"C:\\Users\\Hp\\dashboard\\App.css","statementMap":{},"fnMap":{},"branchMap":{},"s":{},"f":{},"b":{},"meta":{"lastBranch":0,"lastFunction":0,"lastStatement":0,"seen":{}}}
,"C:\\Users\\Hp\\dashboard\\src\\App.jsx": {"path":"C:\\Users\\Hp\\dashboard\\src\\App.jsx","statementMap":{"0":{"start":{"line":11,"column":22},"end":{"line":11,"column":null}},"1":{"start":{"line":12,"column":28},"end":{"line":12,"column":null}},"2":{"start":{"line":14,"column":2},"end":{"line":22,"column":null}},"3":{"start":{"line":15,"column":22},"end":{"line":15,"column":null}},"4":{"start":{"line":16,"column":21},"end":{"line":16,"column":null}},"5":{"start":{"line":18,"column":4},"end":{"line":20,"column":null}},"6":{"start":{"line":19,"column":6},"end":{"line":19,"column":null}},"7":{"start":{"line":21,"column":4},"end":{"line":21,"column":null}},"8":{"start":{"line":24,"column":22},"end":{"line":31,"column":null}},"9":{"start":{"line":25,"column":22},"end":{"line":25,"column":null}},"10":{"start":{"line":27,"column":4},"end":{"line":27,"column":null}},"11":{"start":{"line":28,"column":4},"end":{"line":28,"column":null}},"12":{"start":{"line":30,"column":4},"end":{"line":30,"column":null}},"13":{"start":{"line":33,"column":23},"end":{"line":38,"column":null}},"14":{"start":{"line":34,"column":4},"end":{"line":34,"column":null}},"15":{"start":{"line":35,"column":4},"end":{"line":35,"column":null}},"16":{"start":{"line":37,"column":4},"end":{"line":37,"column":null}},"17":{"start":{"line":40,"column":2},"end":{"line":42,"column":null}},"18":{"start":{"line":41,"column":4},"end":{"line":41,"column":null}},"19":{"start":{"line":44,"column":2},"end":{"line":74,"column":null}}},"fnMap":{"0":{"name":"App","decl":{"start":{"line":10,"column":9},"end":{"line":10,"column":15}},"loc":{"start":{"line":10,"column":15},"end":{"line":76,"column":null}},"line":10},"1":{"name":"(anonymous_1)","decl":{"start":{"line":14,"column":12},"end":{"line":14,"column":18}},"loc":{"start":{"line":14,"column":18},"end":{"line":22,"column":5}},"line":14},"2":{"name":"(anonymous_2)","decl":{"start":{"line":24,"column":22},"end":{"line":24,"column":23}},"loc":{"start":{"line":24,"column":36},"end":{"line":31,"column":null}},"line":24},"3":{"name":"(anonymous_3)","decl":{"start":{"line":33,"column":23},"end":{"line":33,"column":29}},"loc":{"start":{"line":33,"column":29},"end":{"line":38,"column":null}},"line":33}},"branchMap":{"0":{"loc":{"start":{"line":18,"column":4},"end":{"line":20,"column":null}},"type":"if","locations":[{"start":{"line":18,"column":4},"end":{"line":20,"column":null}},{"start":{},"end":{}}],"line":18},"1":{"loc":{"start":{"line":18,"column":8},"end":{"line":18,"column":31}},"type":"binary-expr","locations":[{"start":{"line":18,"column":8},"end":{"line":18,"column":21}},{"start":{"line":18,"column":21},"end":{"line":18,"column":31}}],"line":18},"2":{"loc":{"start":{"line":40,"column":2},"end":{"line":42,"column":null}},"type":"if","locations":[{"start":{"line":40,"column":2},"end":{"line":42,"column":null}},{"start":{},"end":{}}],"line":40},"3":{"loc":{"start":{"line":50,"column":12},"end":{"line":50,"column":null}},"type":"cond-expr","locations":[{"start":{"line":50,"column":19},"end":{"line":50,"column":53}},{"start":{"line":50,"column":53},"end":{"line":50,"column":null}}],"line":50}},"s":{"0":10,"1":10,"2":10,"3":4,"4":4,"5":4,"6":1,"7":4,"8":10,"9":1,"10":1,"11":1,"12":1,"13":10,"14":1,"15":1,"16":1,"17":10,"18":4,"19":6},"f":{"0":10,"1":4,"2":1,"3":1},"b":{"0":[1,3],"1":[4,1],"2":[4,6],"3":[2,4]},"meta":{"lastBranch":4,"lastFunction":4,"lastStatement":20,"seen":{"f:10:9:10:15":0,"s:11:22:11:Infinity":0,"s:12:28:12:Infinity":1,"s:14:2:22:Infinity":2,"f:14:12:14:18":1,"s:15:22:15:Infinity":3,"s:16:21:16:Infinity":4,"b:18:4:20:Infinity:undefined:undefined:undefined:undefined":0,"s:18:4:20:Infinity":5,"b:18:8:18:21:18:21:18:31":1,"s:19:6:19:Infinity":6,"s:21:4:21:Infinity":7,"s:24:22:31:Infinity":8,"f:24:22:24:23":2,"s:25:22:25:Infinity":9,"s:27:4:27:Infinity":10,"s:28:4:28:Infinity":11,"s:30:4:30:Infinity":12,"s:33:23:38:Infinity":13,"f:33:23:33:29":3,"s:34:4:34:Infinity":14,"s:35:4:35:Infinity":15,"s:37:4:37:Infinity":16,"b:40:2:42:Infinity:undefined:undefined:undefined:undefined":2,"s:40:2:42:Infinity":17,"s:41:4:41:Infinity":18,"s:44:2:74:Infinity":19,"b:50:19:50:53:50:53:50:Infinity":3}}}
,"C:\\Users\\Hp\\dashboard\\src\\assets\\algoai.png": {"path":"C:\\Users\\Hp\\dashboard\\src\\assets\\algoai.png","statementMap":{},"fnMap":{},"branchMap":{},"s":{},"f":{},"b":{},"meta":{"lastBranch":0,"lastFunction":0,"lastStatement":0,"seen":{}}}
,"C:\\Users\\Hp\\dashboard\\src\\assets\\dnacoe.png": {"path":"C:\\Users\\Hp\\dashboard\\src\\assets\\dnacoe.png","statementMap":{},"fnMap":{},"branchMap":{},"s":{},"f":{},"b":{},"meta":{"lastBranch":0,"lastFunction":0,"lastStatement":0,"seen":{}}}
,"C:\\Users\\Hp\\dashboard\\src\\assets\\project-infinity.png": {"path":"C:\\Users\\Hp\\dashboard\\src\\assets\\project-infinity.png","statementMap":{},"fnMap":{},"branchMap":{},"s":{},"f":{},"b":{},"meta":{"lastBranch":0,"lastFunction":0,"lastStatement":0,"seen":{}}}
,"C:\\Users\\Hp\\dashboard\\src\\components\\DashboardHeader.css": {"path":"C:\\Users\\Hp\\dashboard\\src\\components\\DashboardHeader.css","statementMap":{},"fnMap":{},"branchMap":{},"s":{},"f":{},"b":{},"meta":{"lastBranch":0,"lastFunction":0,"lastStatement":0,"seen":{}}}
,"C:\\Users\\Hp\\dashboard\\src\\components\\DashboardHeader.jsx": {"path":"C:\\Users\\Hp\\dashboard\\src\\components\\DashboardHeader.jsx","statementMap":{"0":{"start":{"line":6,"column":24},"end":{"line":50,"column":null}},"1":{"start":{"line":7,"column":2},"end":{"line":48,"column":null}}},"fnMap":{"0":{"name":"(anonymous_0)","decl":{"start":{"line":6,"column":24},"end":{"line":6,"column":25}},"loc":{"start":{"line":6,"column":85},"end":{"line":50,"column":null}},"line":6}},"branchMap":{},"s":{"0":1,"1":2},"f":{"0":2},"b":{},"meta":{"lastBranch":0,"lastFunction":1,"lastStatement":2,"seen":{"s:6:24:50:Infinity":0,"f:6:24:6:25":0,"s:7:2:48:Infinity":1}}}
,"C:\\Users\\Hp\\dashboard\\src\\components\\LoginForm.css": {"path":"C:\\Users\\Hp\\dashboard\\src\\components\\LoginForm.css","statementMap":{},"fnMap":{},"branchMap":{},"s":{},"f":{},"b":{},"meta":{"lastBranch":0,"lastFunction":0,"lastStatement":0,"seen":{}}}
,"C:\\Users\\Hp\\dashboard\\src\\components\\LoginForm.jsx": {"path":"C:\\Users\\Hp\\dashboard\\src\\components\\LoginForm.jsx","statementMap":{"0":{"start":{"line":10,"column":25},"end":{"line":12,"column":null}},"1":{"start":{"line":14,"column":18},"end":{"line":112,"column":null}},"2":{"start":{"line":15,"column":8},"end":{"line":15,"column":null}},"3":{"start":{"line":17,"column":2},"end":{"line":110,"column":null}},"4":{"start":{"line":70,"column":16},"end":{"line":70,"column":null}},"5":{"start":{"line":73,"column":16},"end":{"line":73,"column":null}},"6":{"start":{"line":75,"column":16},"end":{"line":75,"column":null}},"7":{"start":{"line":79,"column":16},"end":{"line":104,"column":null}}},"fnMap":{"0":{"name":"(anonymous_0)","decl":{"start":{"line":14,"column":18},"end":{"line":14,"column":19}},"loc":{"start":{"line":14,"column":35},"end":{"line":112,"column":null}},"line":14},"1":{"name":"(anonymous_1)","decl":{"start":{"line":68,"column":24},"end":{"line":68,"column":25}},"loc":{"start":{"line":68,"column":55},"end":{"line":76,"column":null}},"line":68},"2":{"name":"(anonymous_2)","decl":{"start":{"line":78,"column":15},"end":{"line":78,"column":16}},"loc":{"start":{"line":79,"column":16},"end":{"line":104,"column":null}},"line":79}},"branchMap":{"0":{"loc":{"start":{"line":86,"column":46},"end":{"line":86,"column":90}},"type":"cond-expr","locations":[{"start":{"line":86,"column":78},"end":{"line":86,"column":88}},{"start":{"line":86,"column":88},"end":{"line":86,"column":90}}],"line":86},"1":{"loc":{"start":{"line":86,"column":46},"end":{"line":86,"column":78}},"type":"binary-expr","locations":[{"start":{"line":86,"column":46},"end":{"line":86,"column":63}},{"start":{"line":86,"column":63},"end":{"line":86,"column":78}}],"line":86},"2":{"loc":{"start":{"line":92,"column":21},"end":{"line":93,"column":null}},"type":"binary-expr","locations":[{"start":{"line":92,"column":21},"end":{"line":92,"column":38}},{"start":{"line":92,"column":38},"end":{"line":92,"column":null}},{"start":{"line":93,"column":22},"end":{"line":93,"column":null}}],"line":92}},"s":{"0":2,"1":2,"2":15,"3":15,"4":4,"5":4,"6":4,"7":119},"f":{"0":15,"1":4,"2":119},"b":{"0":[5,114],"1":[119,24],"2":[119,24,5]},"meta":{"lastBranch":3,"lastFunction":3,"lastStatement":8,"seen":{"s:10:25:12:Infinity":0,"s:14:18:112:Infinity":1,"f:14:18:14:19":0,"s:15:8:15:Infinity":2,"s:17:2:110:Infinity":3,"f:68:24:68:25":1,"s:70:16:70:Infinity":4,"s:73:16:73:Infinity":5,"s:75:16:75:Infinity":6,"f:78:15:78:16":2,"s:79:16:104:Infinity":7,"b:86:78:86:88:86:88:86:90":0,"b:86:46:86:63:86:63:86:78":1,"b:92:21:92:38:92:38:92:Infinity:93:22:93:Infinity":2}}}
,"C:\\Users\\Hp\\dashboard\\src\\components\\ProtectedRoute.jsx": {"path":"C:\\Users\\Hp\\dashboard\\src\\components\\ProtectedRoute.jsx","statementMap":{"0":{"start":{"line":4,"column":23},"end":{"line":14,"column":null}},"1":{"start":{"line":6,"column":26},"end":{"line":6,"column":null}},"2":{"start":{"line":9,"column":2},"end":{"line":11,"column":null}},"3":{"start":{"line":10,"column":4},"end":{"line":10,"column":null}},"4":{"start":{"line":13,"column":2},"end":{"line":13,"column":null}}},"fnMap":{"0":{"name":"(anonymous_0)","decl":{"start":{"line":4,"column":23},"end":{"line":4,"column":24}},"loc":{"start":{"line":4,"column":41},"end":{"line":14,"column":null}},"line":4}},"branchMap":{"0":{"loc":{"start":{"line":9,"column":2},"end":{"line":11,"column":null}},"type":"if","locations":[{"start":{"line":9,"column":2},"end":{"line":11,"column":null}},{"start":{},"end":{}}],"line":9}},"s":{"0":1,"1":4,"2":4,"3":2,"4":2},"f":{"0":4},"b":{"0":[2,2]},"meta":{"lastBranch":1,"lastFunction":1,"lastStatement":5,"seen":{"s:4:23:14:Infinity":0,"f:4:23:4:24":0,"s:6:26:6:Infinity":1,"b:9:2:11:Infinity:undefined:undefined:undefined:undefined":0,"s:9:2:11:Infinity":2,"s:10:4:10:Infinity":3,"s:13:2:13:Infinity":4}}}
,"C:\\Users\\Hp\\dashboard\\src\\data\\mockData.js": {"path":"C:\\Users\\Hp\\dashboard\\src\\data\\mockData.js","statementMap":{"0":{"start":{"line":2,"column":29},"end":{"line":223,"column":1}}},"fnMap":{},"branchMap":{},"s":{"0":1},"f":{},"b":{},"meta":{"lastBranch":0,"lastFunction":0,"lastStatement":1,"seen":{"s:2:29:223:1":0}}}
,"C:\\Users\\Hp\\dashboard\\src\\pages\\AuditlogsTable.css": {"path":"C:\\Users\\Hp\\dashboard\\src\\pages\\AuditlogsTable.css","statementMap":{},"fnMap":{},"branchMap":{},"s":{},"f":{},"b":{},"meta":{"lastBranch":0,"lastFunction":0,"lastStatement":0,"seen":{}}}
,"C:\\Users\\Hp\\dashboard\\src\\pages\\AuditlogsTable.jsx": {"path":"C:\\Users\\Hp\\dashboard\\src\\pages\\AuditlogsTable.jsx","statementMap":{"0":{"start":{"line":35,"column":23},"end":{"line":759,"column":null}},"1":{"start":{"line":37,"column":18},"end":{"line":47,"column":null}},"2":{"start":{"line":50,"column":34},"end":{"line":50,"column":null}},"3":{"start":{"line":53,"column":26},"end":{"line":53,"column":null}},"4":{"start":{"line":56,"column":50},"end":{"line":56,"column":null}},"5":{"start":{"line":57,"column":50},"end":{"line":57,"column":null}},"6":{"start":{"line":58,"column":40},"end":{"line":63,"column":null}},"7":{"start":{"line":66,"column":22},"end":{"line":66,"column":null}},"8":{"start":{"line":67,"column":36},"end":{"line":67,"column":null}},"9":{"start":{"line":70,"column":8},"end":{"line":73,"column":null}},"10":{"start":{"line":71,"column":4},"end":{"line":71,"column":null}},"11":{"start":{"line":71,"column":41},"end":{"line":71,"column":50}},"12":{"start":{"line":75,"column":8},"end":{"line":78,"column":null}},"13":{"start":{"line":76,"column":4},"end":{"line":76,"column":null}},"14":{"start":{"line":76,"column":41},"end":{"line":76,"column":52}},"15":{"start":{"line":80,"column":8},"end":{"line":83,"column":null}},"16":{"start":{"line":81,"column":4},"end":{"line":81,"column":null}},"17":{"start":{"line":81,"column":41},"end":{"line":81,"column":52}},"18":{"start":{"line":85,"column":8},"end":{"line":88,"column":null}},"19":{"start":{"line":86,"column":24},"end":{"line":86,"column":null}},"20":{"start":{"line":86,"column":53},"end":{"line":86,"column":72}},"21":{"start":{"line":87,"column":4},"end":{"line":87,"column":null}},"22":{"start":{"line":87,"column":52},"end":{"line":87,"column":57}},"23":{"start":{"line":91,"column":34},"end":{"line":94,"column":null}},"24":{"start":{"line":92,"column":4},"end":{"line":92,"column":null}},"25":{"start":{"line":93,"column":4},"end":{"line":93,"column":null}},"26":{"start":{"line":96,"column":34},"end":{"line":99,"column":null}},"27":{"start":{"line":97,"column":4},"end":{"line":97,"column":null}},"28":{"start":{"line":98,"column":4},"end":{"line":98,"column":null}},"29":{"start":{"line":102,"column":34},"end":{"line":109,"column":null}},"30":{"start":{"line":103,"column":4},"end":{"line":108,"column":null}},"31":{"start":{"line":103,"column":30},"end":{"line":108,"column":6}},"32":{"start":{"line":106,"column":33},"end":{"line":106,"column":44}},"33":{"start":{"line":111,"column":36},"end":{"line":116,"column":null}},"34":{"start":{"line":112,"column":4},"end":{"line":115,"column":null}},"35":{"start":{"line":112,"column":30},"end":{"line":115,"column":6}},"36":{"start":{"line":118,"column":36},"end":{"line":123,"column":null}},"37":{"start":{"line":119,"column":4},"end":{"line":122,"column":null}},"38":{"start":{"line":119,"column":30},"end":{"line":122,"column":6}},"39":{"start":{"line":125,"column":36},"end":{"line":135,"column":null}},"40":{"start":{"line":126,"column":4},"end":{"line":134,"column":null}},"41":{"start":{"line":126,"column":30},"end":{"line":134,"column":6}},"42":{"start":{"line":131,"column":54},"end":{"line":131,"column":67}},"43":{"start":{"line":137,"column":35},"end":{"line":145,"column":null}},"44":{"start":{"line":138,"column":4},"end":{"line":144,"column":null}},"45":{"start":{"line":138,"column":30},"end":{"line":144,"column":6}},"46":{"start":{"line":147,"column":28},"end":{"line":167,"column":null}},"47":{"start":{"line":148,"column":4},"end":{"line":166,"column":null}},"48":{"start":{"line":150,"column":8},"end":{"line":150,"column":null}},"49":{"start":{"line":150,"column":34},"end":{"line":150,"column":57}},"50":{"start":{"line":151,"column":8},"end":{"line":151,"column":null}},"51":{"start":{"line":153,"column":8},"end":{"line":153,"column":null}},"52":{"start":{"line":153,"column":34},"end":{"line":153,"column":59}},"53":{"start":{"line":154,"column":8},"end":{"line":154,"column":null}},"54":{"start":{"line":156,"column":8},"end":{"line":156,"column":null}},"55":{"start":{"line":156,"column":34},"end":{"line":156,"column":59}},"56":{"start":{"line":157,"column":8},"end":{"line":157,"column":null}},"57":{"start":{"line":159,"column":8},"end":{"line":162,"column":null}},"58":{"start":{"line":159,"column":34},"end":{"line":162,"column":10}},"59":{"start":{"line":163,"column":8},"end":{"line":163,"column":null}},"60":{"start":{"line":165,"column":8},"end":{"line":165,"column":null}},"61":{"start":{"line":169,"column":32},"end":{"line":176,"column":null}},"62":{"start":{"line":170,"column":4},"end":{"line":175,"column":null}},"63":{"start":{"line":179,"column":26},"end":{"line":194,"column":null}},"64":{"start":{"line":180,"column":4},"end":{"line":193,"column":null}},"65":{"start":{"line":182,"column":8},"end":{"line":182,"column":null}},"66":{"start":{"line":184,"column":8},"end":{"line":184,"column":null}},"67":{"start":{"line":186,"column":8},"end":{"line":186,"column":null}},"68":{"start":{"line":188,"column":8},"end":{"line":190,"column":null}},"69":{"start":{"line":192,"column":8},"end":{"line":192,"column":null}},"70":{"start":{"line":197,"column":27},"end":{"line":199,"column":null}},"71":{"start":{"line":198,"column":4},"end":{"line":198,"column":null}},"72":{"start":{"line":202,"column":8},"end":{"line":297,"column":null}},"73":{"start":{"line":203,"column":15},"end":{"line":203,"column":null}},"74":{"start":{"line":206,"column":4},"end":{"line":215,"column":null}},"75":{"start":{"line":207,"column":26},"end":{"line":207,"column":null}},"76":{"start":{"line":208,"column":6},"end":{"line":214,"column":null}},"77":{"start":{"line":209,"column":8},"end":{"line":213,"column":null}},"78":{"start":{"line":219,"column":4},"end":{"line":221,"column":null}},"79":{"start":{"line":220,"column":6},"end":{"line":220,"column":null}},"80":{"start":{"line":220,"column":32},"end":{"line":220,"column":71}},"81":{"start":{"line":224,"column":4},"end":{"line":227,"column":null}},"82":{"start":{"line":225,"column":27},"end":{"line":225,"column":null}},"83":{"start":{"line":226,"column":6},"end":{"line":226,"column":null}},"84":{"start":{"line":226,"column":32},"end":{"line":226,"column":80}},"85":{"start":{"line":230,"column":4},"end":{"line":233,"column":null}},"86":{"start":{"line":231,"column":27},"end":{"line":231,"column":null}},"87":{"start":{"line":232,"column":6},"end":{"line":232,"column":null}},"88":{"start":{"line":232,"column":32},"end":{"line":232,"column":80}},"89":{"start":{"line":236,"column":4},"end":{"line":242,"column":null}},"90":{"start":{"line":237,"column":6},"end":{"line":241,"column":null}},"91":{"start":{"line":238,"column":8},"end":{"line":240,"column":null}},"92":{"start":{"line":239,"column":10},"end":{"line":239,"column":null}},"93":{"start":{"line":244,"column":4},"end":{"line":249,"column":null}},"94":{"start":{"line":245,"column":25},"end":{"line":245,"column":null}},"95":{"start":{"line":246,"column":6},"end":{"line":248,"column":null}},"96":{"start":{"line":247,"column":8},"end":{"line":247,"column":null}},"97":{"start":{"line":247,"column":44},"end":{"line":247,"column":65}},"98":{"start":{"line":251,"column":4},"end":{"line":256,"column":null}},"99":{"start":{"line":252,"column":25},"end":{"line":252,"column":null}},"100":{"start":{"line":253,"column":6},"end":{"line":255,"column":null}},"101":{"start":{"line":254,"column":8},"end":{"line":254,"column":null}},"102":{"start":{"line":254,"column":44},"end":{"line":254,"column":65}},"103":{"start":{"line":259,"column":40},"end":{"line":259,"column":null}},"104":{"start":{"line":261,"column":4},"end":{"line":294,"column":null}},"105":{"start":{"line":264,"column":6},"end":{"line":287,"column":null}},"106":{"start":{"line":266,"column":10},"end":{"line":266,"column":null}},"107":{"start":{"line":267,"column":10},"end":{"line":267,"column":null}},"108":{"start":{"line":268,"column":10},"end":{"line":268,"column":null}},"109":{"start":{"line":270,"column":10},"end":{"line":270,"column":null}},"110":{"start":{"line":271,"column":10},"end":{"line":271,"column":null}},"111":{"start":{"line":272,"column":10},"end":{"line":272,"column":null}},"112":{"start":{"line":274,"column":10},"end":{"line":274,"column":null}},"113":{"start":{"line":275,"column":10},"end":{"line":275,"column":null}},"114":{"start":{"line":276,"column":10},"end":{"line":276,"column":null}},"115":{"start":{"line":278,"column":10},"end":{"line":278,"column":null}},"116":{"start":{"line":279,"column":10},"end":{"line":279,"column":null}},"117":{"start":{"line":280,"column":10},"end":{"line":280,"column":null}},"118":{"start":{"line":282,"column":10},"end":{"line":282,"column":null}},"119":{"start":{"line":283,"column":10},"end":{"line":283,"column":null}},"120":{"start":{"line":284,"column":10},"end":{"line":284,"column":null}},"121":{"start":{"line":286,"column":10},"end":{"line":286,"column":null}},"122":{"start":{"line":289,"column":6},"end":{"line":293,"column":null}},"123":{"start":{"line":290,"column":8},"end":{"line":290,"column":null}},"124":{"start":{"line":292,"column":8},"end":{"line":292,"column":null}},"125":{"start":{"line":296,"column":4},"end":{"line":296,"column":null}},"126":{"start":{"line":300,"column":8},"end":{"line":303,"column":null}},"127":{"start":{"line":301,"column":23},"end":{"line":301,"column":null}},"128":{"start":{"line":302,"column":4},"end":{"line":302,"column":null}},"129":{"start":{"line":306,"column":27},"end":{"line":308,"column":null}},"130":{"start":{"line":307,"column":4},"end":{"line":307,"column":null}},"131":{"start":{"line":310,"column":34},"end":{"line":313,"column":null}},"132":{"start":{"line":311,"column":4},"end":{"line":311,"column":null}},"133":{"start":{"line":312,"column":4},"end":{"line":312,"column":null}},"134":{"start":{"line":315,"column":28},"end":{"line":317,"column":null}},"135":{"start":{"line":316,"column":4},"end":{"line":316,"column":null}},"136":{"start":{"line":319,"column":27},"end":{"line":319,"column":null}},"137":{"start":{"line":322,"column":29},"end":{"line":505,"column":null}},"138":{"start":{"line":323,"column":4},"end":{"line":323,"column":null}},"139":{"start":{"line":323,"column":29},"end":{"line":323,"column":null}},"140":{"start":{"line":325,"column":4},"end":{"line":504,"column":null}},"141":{"start":{"line":327,"column":8},"end":{"line":351,"column":null}},"142":{"start":{"line":333,"column":14},"end":{"line":340,"column":null}},"143":{"start":{"line":336,"column":34},"end":{"line":336,"column":null}},"144":{"start":{"line":344,"column":29},"end":{"line":344,"column":null}},"145":{"start":{"line":355,"column":8},"end":{"line":397,"column":null}},"146":{"start":{"line":365,"column":31},"end":{"line":365,"column":null}},"147":{"start":{"line":373,"column":16},"end":{"line":385,"column":null}},"148":{"start":{"line":382,"column":33},"end":{"line":382,"column":null}},"149":{"start":{"line":390,"column":29},"end":{"line":390,"column":null}},"150":{"start":{"line":401,"column":8},"end":{"line":443,"column":null}},"151":{"start":{"line":411,"column":31},"end":{"line":411,"column":null}},"152":{"start":{"line":419,"column":16},"end":{"line":431,"column":null}},"153":{"start":{"line":428,"column":33},"end":{"line":428,"column":null}},"154":{"start":{"line":436,"column":29},"end":{"line":436,"column":null}},"155":{"start":{"line":447,"column":8},"end":{"line":499,"column":null}},"156":{"start":{"line":462,"column":33},"end":{"line":462,"column":null}},"157":{"start":{"line":470,"column":33},"end":{"line":470,"column":null}},"158":{"start":{"line":480,"column":16},"end":{"line":487,"column":null}},"159":{"start":{"line":483,"column":36},"end":{"line":483,"column":null}},"160":{"start":{"line":493,"column":29},"end":{"line":493,"column":null}},"161":{"start":{"line":503,"column":8},"end":{"line":503,"column":null}},"162":{"start":{"line":507,"column":2},"end":{"line":757,"column":null}},"163":{"start":{"line":570,"column":29},"end":{"line":570,"column":null}},"164":{"start":{"line":616,"column":32},"end":{"line":616,"column":null}},"165":{"start":{"line":625,"column":32},"end":{"line":625,"column":null}},"166":{"start":{"line":634,"column":32},"end":{"line":634,"column":null}},"167":{"start":{"line":643,"column":32},"end":{"line":643,"column":null}},"168":{"start":{"line":659,"column":16},"end":{"line":684,"column":null}},"169":{"start":{"line":674,"column":40},"end":{"line":674,"column":null}},"170":{"start":{"line":691,"column":16},"end":{"line":709,"column":null}},"171":{"start":{"line":704,"column":37},"end":{"line":704,"column":null}}},"fnMap":{"0":{"name":"(anonymous_0)","decl":{"start":{"line":35,"column":23},"end":{"line":35,"column":29}},"loc":{"start":{"line":35,"column":29},"end":{"line":759,"column":null}},"line":35},"1":{"name":"(anonymous_1)","decl":{"start":{"line":70,"column":31},"end":{"line":70,"column":null}},"loc":{"start":{"line":71,"column":4},"end":{"line":71,"column":null}},"line":71},"2":{"name":"(anonymous_2)","decl":{"start":{"line":71,"column":34},"end":{"line":71,"column":41}},"loc":{"start":{"line":71,"column":41},"end":{"line":71,"column":50}},"line":71},"3":{"name":"(anonymous_3)","decl":{"start":{"line":75,"column":33},"end":{"line":75,"column":null}},"loc":{"start":{"line":76,"column":4},"end":{"line":76,"column":null}},"line":76},"4":{"name":"(anonymous_4)","decl":{"start":{"line":76,"column":34},"end":{"line":76,"column":41}},"loc":{"start":{"line":76,"column":41},"end":{"line":76,"column":52}},"line":76},"5":{"name":"(anonymous_5)","decl":{"start":{"line":80,"column":33},"end":{"line":80,"column":null}},"loc":{"start":{"line":81,"column":4},"end":{"line":81,"column":null}},"line":81},"6":{"name":"(anonymous_6)","decl":{"start":{"line":81,"column":34},"end":{"line":81,"column":41}},"loc":{"start":{"line":81,"column":41},"end":{"line":81,"column":52}},"line":81},"7":{"name":"(anonymous_7)","decl":{"start":{"line":85,"column":33},"end":{"line":85,"column":39}},"loc":{"start":{"line":85,"column":39},"end":{"line":88,"column":5}},"line":85},"8":{"name":"(anonymous_8)","decl":{"start":{"line":86,"column":46},"end":{"line":86,"column":53}},"loc":{"start":{"line":86,"column":53},"end":{"line":86,"column":72}},"line":86},"9":{"name":"(anonymous_9)","decl":{"start":{"line":87,"column":42},"end":{"line":87,"column":43}},"loc":{"start":{"line":87,"column":52},"end":{"line":87,"column":57}},"line":87},"10":{"name":"(anonymous_10)","decl":{"start":{"line":91,"column":34},"end":{"line":91,"column":35}},"loc":{"start":{"line":91,"column":55},"end":{"line":94,"column":null}},"line":91},"11":{"name":"(anonymous_11)","decl":{"start":{"line":96,"column":34},"end":{"line":96,"column":40}},"loc":{"start":{"line":96,"column":40},"end":{"line":99,"column":null}},"line":96},"12":{"name":"(anonymous_12)","decl":{"start":{"line":102,"column":34},"end":{"line":102,"column":35}},"loc":{"start":{"line":102,"column":45},"end":{"line":109,"column":null}},"line":102},"13":{"name":"(anonymous_13)","decl":{"start":{"line":103,"column":21},"end":{"line":103,"column":30}},"loc":{"start":{"line":103,"column":30},"end":{"line":108,"column":6}},"line":103},"14":{"name":"(anonymous_14)","decl":{"start":{"line":106,"column":28},"end":{"line":106,"column":33}},"loc":{"start":{"line":106,"column":33},"end":{"line":106,"column":44}},"line":106},"15":{"name":"(anonymous_15)","decl":{"start":{"line":111,"column":36},"end":{"line":111,"column":37}},"loc":{"start":{"line":111,"column":47},"end":{"line":116,"column":null}},"line":111},"16":{"name":"(anonymous_16)","decl":{"start":{"line":112,"column":21},"end":{"line":112,"column":30}},"loc":{"start":{"line":112,"column":30},"end":{"line":115,"column":6}},"line":112},"17":{"name":"(anonymous_17)","decl":{"start":{"line":118,"column":36},"end":{"line":118,"column":37}},"loc":{"start":{"line":118,"column":47},"end":{"line":123,"column":null}},"line":118},"18":{"name":"(anonymous_18)","decl":{"start":{"line":119,"column":21},"end":{"line":119,"column":30}},"loc":{"start":{"line":119,"column":30},"end":{"line":122,"column":6}},"line":119},"19":{"name":"(anonymous_19)","decl":{"start":{"line":125,"column":36},"end":{"line":125,"column":37}},"loc":{"start":{"line":125,"column":49},"end":{"line":135,"column":null}},"line":125},"20":{"name":"(anonymous_20)","decl":{"start":{"line":126,"column":21},"end":{"line":126,"column":30}},"loc":{"start":{"line":126,"column":30},"end":{"line":134,"column":6}},"line":126},"21":{"name":"(anonymous_21)","decl":{"start":{"line":131,"column":49},"end":{"line":131,"column":54}},"loc":{"start":{"line":131,"column":54},"end":{"line":131,"column":67}},"line":131},"22":{"name":"(anonymous_22)","decl":{"start":{"line":137,"column":35},"end":{"line":137,"column":36}},"loc":{"start":{"line":137,"column":52},"end":{"line":145,"column":null}},"line":137},"23":{"name":"(anonymous_23)","decl":{"start":{"line":138,"column":21},"end":{"line":138,"column":30}},"loc":{"start":{"line":138,"column":30},"end":{"line":144,"column":6}},"line":138},"24":{"name":"(anonymous_24)","decl":{"start":{"line":147,"column":28},"end":{"line":147,"column":29}},"loc":{"start":{"line":147,"column":42},"end":{"line":167,"column":null}},"line":147},"25":{"name":"(anonymous_25)","decl":{"start":{"line":150,"column":25},"end":{"line":150,"column":34}},"loc":{"start":{"line":150,"column":34},"end":{"line":150,"column":57}},"line":150},"26":{"name":"(anonymous_26)","decl":{"start":{"line":153,"column":25},"end":{"line":153,"column":34}},"loc":{"start":{"line":153,"column":34},"end":{"line":153,"column":59}},"line":153},"27":{"name":"(anonymous_27)","decl":{"start":{"line":156,"column":25},"end":{"line":156,"column":34}},"loc":{"start":{"line":156,"column":34},"end":{"line":156,"column":59}},"line":156},"28":{"name":"(anonymous_28)","decl":{"start":{"line":159,"column":25},"end":{"line":159,"column":34}},"loc":{"start":{"line":159,"column":34},"end":{"line":162,"column":10}},"line":159},"29":{"name":"(anonymous_29)","decl":{"start":{"line":169,"column":32},"end":{"line":169,"column":38}},"loc":{"start":{"line":169,"column":38},"end":{"line":176,"column":null}},"line":169},"30":{"name":"(anonymous_30)","decl":{"start":{"line":179,"column":26},"end":{"line":179,"column":27}},"loc":{"start":{"line":179,"column":40},"end":{"line":194,"column":null}},"line":179},"31":{"name":"(anonymous_31)","decl":{"start":{"line":197,"column":27},"end":{"line":197,"column":28}},"loc":{"start":{"line":197,"column":38},"end":{"line":199,"column":null}},"line":197},"32":{"name":"(anonymous_32)","decl":{"start":{"line":202,"column":40},"end":{"line":202,"column":46}},"loc":{"start":{"line":202,"column":46},"end":{"line":297,"column":5}},"line":202},"33":{"name":"(anonymous_33)","decl":{"start":{"line":208,"column":25},"end":{"line":208,"column":null}},"loc":{"start":{"line":209,"column":8},"end":{"line":213,"column":null}},"line":209},"34":{"name":"(anonymous_34)","decl":{"start":{"line":220,"column":25},"end":{"line":220,"column":32}},"loc":{"start":{"line":220,"column":32},"end":{"line":220,"column":71}},"line":220},"35":{"name":"(anonymous_35)","decl":{"start":{"line":226,"column":25},"end":{"line":226,"column":32}},"loc":{"start":{"line":226,"column":32},"end":{"line":226,"column":80}},"line":226},"36":{"name":"(anonymous_36)","decl":{"start":{"line":232,"column":25},"end":{"line":232,"column":32}},"loc":{"start":{"line":232,"column":32},"end":{"line":232,"column":80}},"line":232},"37":{"name":"(anonymous_37)","decl":{"start":{"line":237,"column":25},"end":{"line":237,"column":null}},"loc":{"start":{"line":238,"column":8},"end":{"line":240,"column":null}},"line":238},"38":{"name":"(anonymous_38)","decl":{"start":{"line":238,"column":33},"end":{"line":238,"column":null}},"loc":{"start":{"line":239,"column":10},"end":{"line":239,"column":null}},"line":239},"39":{"name":"(anonymous_39)","decl":{"start":{"line":246,"column":25},"end":{"line":246,"column":null}},"loc":{"start":{"line":247,"column":8},"end":{"line":247,"column":null}},"line":247},"40":{"name":"(anonymous_40)","decl":{"start":{"line":247,"column":33},"end":{"line":247,"column":44}},"loc":{"start":{"line":247,"column":44},"end":{"line":247,"column":65}},"line":247},"41":{"name":"(anonymous_41)","decl":{"start":{"line":253,"column":25},"end":{"line":253,"column":null}},"loc":{"start":{"line":254,"column":8},"end":{"line":254,"column":null}},"line":254},"42":{"name":"(anonymous_42)","decl":{"start":{"line":254,"column":33},"end":{"line":254,"column":44}},"loc":{"start":{"line":254,"column":44},"end":{"line":254,"column":65}},"line":254},"43":{"name":"(anonymous_43)","decl":{"start":{"line":261,"column":14},"end":{"line":261,"column":15}},"loc":{"start":{"line":261,"column":24},"end":{"line":294,"column":5}},"line":261},"44":{"name":"(anonymous_44)","decl":{"start":{"line":300,"column":32},"end":{"line":300,"column":38}},"loc":{"start":{"line":300,"column":38},"end":{"line":303,"column":5}},"line":300},"45":{"name":"(anonymous_45)","decl":{"start":{"line":306,"column":27},"end":{"line":306,"column":28}},"loc":{"start":{"line":306,"column":47},"end":{"line":308,"column":null}},"line":306},"46":{"name":"(anonymous_46)","decl":{"start":{"line":310,"column":34},"end":{"line":310,"column":35}},"loc":{"start":{"line":310,"column":45},"end":{"line":313,"column":null}},"line":310},"47":{"name":"(anonymous_47)","decl":{"start":{"line":315,"column":28},"end":{"line":315,"column":29}},"loc":{"start":{"line":315,"column":37},"end":{"line":317,"column":null}},"line":315},"48":{"name":"(anonymous_48)","decl":{"start":{"line":322,"column":29},"end":{"line":322,"column":35}},"loc":{"start":{"line":322,"column":35},"end":{"line":505,"column":null}},"line":322},"49":{"name":"(anonymous_49)","decl":{"start":{"line":332,"column":30},"end":{"line":332,"column":null}},"loc":{"start":{"line":333,"column":14},"end":{"line":340,"column":null}},"line":333},"50":{"name":"(anonymous_50)","decl":{"start":{"line":336,"column":28},"end":{"line":336,"column":34}},"loc":{"start":{"line":336,"column":34},"end":{"line":336,"column":null}},"line":336},"51":{"name":"(anonymous_51)","decl":{"start":{"line":344,"column":23},"end":{"line":344,"column":29}},"loc":{"start":{"line":344,"column":29},"end":{"line":344,"column":null}},"line":344},"52":{"name":"(anonymous_52)","decl":{"start":{"line":365,"column":24},"end":{"line":365,"column":25}},"loc":{"start":{"line":365,"column":31},"end":{"line":365,"column":null}},"line":365},"53":{"name":"(anonymous_53)","decl":{"start":{"line":372,"column":34},"end":{"line":372,"column":null}},"loc":{"start":{"line":373,"column":16},"end":{"line":385,"column":null}},"line":373},"54":{"name":"(anonymous_54)","decl":{"start":{"line":382,"column":27},"end":{"line":382,"column":33}},"loc":{"start":{"line":382,"column":33},"end":{"line":382,"column":null}},"line":382},"55":{"name":"(anonymous_55)","decl":{"start":{"line":390,"column":23},"end":{"line":390,"column":29}},"loc":{"start":{"line":390,"column":29},"end":{"line":390,"column":null}},"line":390},"56":{"name":"(anonymous_56)","decl":{"start":{"line":411,"column":24},"end":{"line":411,"column":25}},"loc":{"start":{"line":411,"column":31},"end":{"line":411,"column":null}},"line":411},"57":{"name":"(anonymous_57)","decl":{"start":{"line":418,"column":34},"end":{"line":418,"column":null}},"loc":{"start":{"line":419,"column":16},"end":{"line":431,"column":null}},"line":419},"58":{"name":"(anonymous_58)","decl":{"start":{"line":428,"column":27},"end":{"line":428,"column":33}},"loc":{"start":{"line":428,"column":33},"end":{"line":428,"column":null}},"line":428},"59":{"name":"(anonymous_59)","decl":{"start":{"line":436,"column":23},"end":{"line":436,"column":29}},"loc":{"start":{"line":436,"column":29},"end":{"line":436,"column":null}},"line":436},"60":{"name":"(anonymous_60)","decl":{"start":{"line":462,"column":26},"end":{"line":462,"column":27}},"loc":{"start":{"line":462,"column":33},"end":{"line":462,"column":null}},"line":462},"61":{"name":"(anonymous_61)","decl":{"start":{"line":470,"column":26},"end":{"line":470,"column":27}},"loc":{"start":{"line":470,"column":33},"end":{"line":470,"column":null}},"line":470},"62":{"name":"(anonymous_62)","decl":{"start":{"line":479,"column":34},"end":{"line":479,"column":null}},"loc":{"start":{"line":480,"column":16},"end":{"line":487,"column":null}},"line":480},"63":{"name":"(anonymous_63)","decl":{"start":{"line":483,"column":30},"end":{"line":483,"column":36}},"loc":{"start":{"line":483,"column":36},"end":{"line":483,"column":null}},"line":483},"64":{"name":"(anonymous_64)","decl":{"start":{"line":493,"column":23},"end":{"line":493,"column":29}},"loc":{"start":{"line":493,"column":29},"end":{"line":493,"column":null}},"line":493},"65":{"name":"(anonymous_65)","decl":{"start":{"line":570,"column":22},"end":{"line":570,"column":23}},"loc":{"start":{"line":570,"column":29},"end":{"line":570,"column":null}},"line":570},"66":{"name":"(anonymous_66)","decl":{"start":{"line":616,"column":26},"end":{"line":616,"column":32}},"loc":{"start":{"line":616,"column":32},"end":{"line":616,"column":null}},"line":616},"67":{"name":"(anonymous_67)","decl":{"start":{"line":625,"column":26},"end":{"line":625,"column":32}},"loc":{"start":{"line":625,"column":32},"end":{"line":625,"column":null}},"line":625},"68":{"name":"(anonymous_68)","decl":{"start":{"line":634,"column":26},"end":{"line":634,"column":32}},"loc":{"start":{"line":634,"column":32},"end":{"line":634,"column":null}},"line":634},"69":{"name":"(anonymous_69)","decl":{"start":{"line":643,"column":26},"end":{"line":643,"column":32}},"loc":{"start":{"line":643,"column":32},"end":{"line":643,"column":null}},"line":643},"70":{"name":"(anonymous_70)","decl":{"start":{"line":658,"column":27},"end":{"line":658,"column":28}},"loc":{"start":{"line":659,"column":16},"end":{"line":684,"column":null}},"line":659},"71":{"name":"(anonymous_71)","decl":{"start":{"line":674,"column":33},"end":{"line":674,"column":34}},"loc":{"start":{"line":674,"column":40},"end":{"line":674,"column":null}},"line":674},"72":{"name":"(anonymous_72)","decl":{"start":{"line":690,"column":32},"end":{"line":690,"column":33}},"loc":{"start":{"line":691,"column":16},"end":{"line":709,"column":null}},"line":691},"73":{"name":"(anonymous_73)","decl":{"start":{"line":704,"column":31},"end":{"line":704,"column":37}},"loc":{"start":{"line":704,"column":37},"end":{"line":704,"column":null}},"line":704}},"branchMap":{"0":{"loc":{"start":{"line":105,"column":13},"end":{"line":107,"column":null}},"type":"cond-expr","locations":[{"start":{"line":106,"column":10},"end":{"line":106,"column":null}},{"start":{"line":107,"column":10},"end":{"line":107,"column":null}}],"line":105},"1":{"loc":{"start":{"line":130,"column":18},"end":{"line":132,"column":null}},"type":"cond-expr","locations":[{"start":{"line":131,"column":12},"end":{"line":131,"column":null}},{"start":{"line":132,"column":12},"end":{"line":132,"column":null}}],"line":130},"2":{"loc":{"start":{"line":148,"column":4},"end":{"line":166,"column":null}},"type":"switch","locations":[{"start":{"line":149,"column":6},"end":{"line":151,"column":null}},{"start":{"line":152,"column":6},"end":{"line":154,"column":null}},{"start":{"line":155,"column":6},"end":{"line":157,"column":null}},{"start":{"line":158,"column":6},"end":{"line":163,"column":null}},{"start":{"line":164,"column":6},"end":{"line":165,"column":null}}],"line":148},"3":{"loc":{"start":{"line":180,"column":4},"end":{"line":193,"column":null}},"type":"switch","locations":[{"start":{"line":181,"column":6},"end":{"line":182,"column":null}},{"start":{"line":183,"column":6},"end":{"line":184,"column":null}},{"start":{"line":185,"column":6},"end":{"line":186,"column":null}},{"start":{"line":187,"column":6},"end":{"line":190,"column":null}},{"start":{"line":191,"column":6},"end":{"line":192,"column":null}}],"line":180},"4":{"loc":{"start":{"line":188,"column":15},"end":{"line":190,"column":null}},"type":"binary-expr","locations":[{"start":{"line":188,"column":15},"end":{"line":188,"column":null}},{"start":{"line":189,"column":15},"end":{"line":189,"column":null}},{"start":{"line":190,"column":15},"end":{"line":190,"column":null}}],"line":188},"5":{"loc":{"start":{"line":206,"column":4},"end":{"line":215,"column":null}},"type":"if","locations":[{"start":{"line":206,"column":4},"end":{"line":215,"column":null}},{"start":{},"end":{}}],"line":206},"6":{"loc":{"start":{"line":209,"column":8},"end":{"line":213,"column":null}},"type":"binary-expr","locations":[{"start":{"line":209,"column":8},"end":{"line":209,"column":null}},{"start":{"line":210,"column":8},"end":{"line":210,"column":null}},{"start":{"line":211,"column":8},"end":{"line":211,"column":null}},{"start":{"line":212,"column":8},"end":{"line":212,"column":null}},{"start":{"line":213,"column":8},"end":{"line":213,"column":null}}],"line":209},"7":{"loc":{"start":{"line":219,"column":4},"end":{"line":221,"column":null}},"type":"if","locations":[{"start":{"line":219,"column":4},"end":{"line":221,"column":null}},{"start":{},"end":{}}],"line":219},"8":{"loc":{"start":{"line":224,"column":4},"end":{"line":227,"column":null}},"type":"if","locations":[{"start":{"line":224,"column":4},"end":{"line":227,"column":null}},{"start":{},"end":{}}],"line":224},"9":{"loc":{"start":{"line":230,"column":4},"end":{"line":233,"column":null}},"type":"if","locations":[{"start":{"line":230,"column":4},"end":{"line":233,"column":null}},{"start":{},"end":{}}],"line":230},"10":{"loc":{"start":{"line":236,"column":4},"end":{"line":242,"column":null}},"type":"if","locations":[{"start":{"line":236,"column":4},"end":{"line":242,"column":null}},{"start":{},"end":{}}],"line":236},"11":{"loc":{"start":{"line":244,"column":4},"end":{"line":249,"column":null}},"type":"if","locations":[{"start":{"line":244,"column":4},"end":{"line":249,"column":null}},{"start":{},"end":{}}],"line":244},"12":{"loc":{"start":{"line":251,"column":4},"end":{"line":256,"column":null}},"type":"if","locations":[{"start":{"line":251,"column":4},"end":{"line":256,"column":null}},{"start":{},"end":{}}],"line":251},"13":{"loc":{"start":{"line":264,"column":6},"end":{"line":287,"column":null}},"type":"switch","locations":[{"start":{"line":265,"column":8},"end":{"line":268,"column":null}},{"start":{"line":269,"column":8},"end":{"line":272,"column":null}},{"start":{"line":273,"column":8},"end":{"line":276,"column":null}},{"start":{"line":277,"column":8},"end":{"line":280,"column":null}},{"start":{"line":281,"column":8},"end":{"line":284,"column":null}},{"start":{"line":285,"column":8},"end":{"line":286,"column":null}}],"line":264},"14":{"loc":{"start":{"line":289,"column":6},"end":{"line":293,"column":null}},"type":"if","locations":[{"start":{"line":289,"column":6},"end":{"line":293,"column":null}},{"start":{"line":291,"column":13},"end":{"line":293,"column":null}}],"line":289},"15":{"loc":{"start":{"line":290,"column":15},"end":{"line":290,"column":null}},"type":"cond-expr","locations":[{"start":{"line":290,"column":33},"end":{"line":290,"column":37}},{"start":{"line":290,"column":37},"end":{"line":290,"column":null}}],"line":290},"16":{"loc":{"start":{"line":290,"column":37},"end":{"line":290,"column":null}},"type":"cond-expr","locations":[{"start":{"line":290,"column":55},"end":{"line":290,"column":60}},{"start":{"line":290,"column":60},"end":{"line":290,"column":null}}],"line":290},"17":{"loc":{"start":{"line":292,"column":15},"end":{"line":292,"column":null}},"type":"cond-expr","locations":[{"start":{"line":292,"column":33},"end":{"line":292,"column":37}},{"start":{"line":292,"column":37},"end":{"line":292,"column":null}}],"line":292},"18":{"loc":{"start":{"line":292,"column":37},"end":{"line":292,"column":null}},"type":"cond-expr","locations":[{"start":{"line":292,"column":55},"end":{"line":292,"column":60}},{"start":{"line":292,"column":60},"end":{"line":292,"column":null}}],"line":292},"19":{"loc":{"start":{"line":323,"column":4},"end":{"line":323,"column":null}},"type":"if","locations":[{"start":{"line":323,"column":4},"end":{"line":323,"column":null}},{"start":{},"end":{}}],"line":323},"20":{"loc":{"start":{"line":325,"column":4},"end":{"line":504,"column":null}},"type":"switch","locations":[{"start":{"line":326,"column":6},"end":{"line":351,"column":null}},{"start":{"line":354,"column":6},"end":{"line":397,"column":null}},{"start":{"line":400,"column":6},"end":{"line":443,"column":null}},{"start":{"line":446,"column":6},"end":{"line":499,"column":null}},{"start":{"line":502,"column":6},"end":{"line":503,"column":null}}],"line":325},"21":{"loc":{"start":{"line":380,"column":29},"end":{"line":380,"column":null}},"type":"cond-expr","locations":[{"start":{"line":380,"column":65},"end":{"line":380,"column":85}},{"start":{"line":380,"column":85},"end":{"line":380,"column":null}}],"line":380},"22":{"loc":{"start":{"line":426,"column":29},"end":{"line":426,"column":null}},"type":"cond-expr","locations":[{"start":{"line":426,"column":65},"end":{"line":426,"column":85}},{"start":{"line":426,"column":85},"end":{"line":426,"column":null}}],"line":426},"23":{"loc":{"start":{"line":587,"column":6},"end":{"line":602,"column":null}},"type":"binary-expr","locations":[{"start":{"line":590,"column":8},"end":{"line":590,"column":36}},{"start":{"line":590,"column":36},"end":{"line":590,"column":null}},{"start":{"line":591,"column":8},"end":{"line":591,"column":38}},{"start":{"line":591,"column":38},"end":{"line":591,"column":null}},{"start":{"line":592,"column":8},"end":{"line":602,"column":null}}],"line":587},"24":{"loc":{"start":{"line":602,"column":8},"end":{"line":650,"column":null}},"type":"binary-expr","locations":[{"start":{"line":606,"column":8},"end":{"line":606,"column":36}},{"start":{"line":606,"column":36},"end":{"line":606,"column":null}},{"start":{"line":607,"column":8},"end":{"line":607,"column":38}},{"start":{"line":607,"column":38},"end":{"line":607,"column":null}},{"start":{"line":608,"column":8},"end":{"line":650,"column":null}}],"line":602},"25":{"loc":{"start":{"line":613,"column":13},"end":{"line":620,"column":null}},"type":"binary-expr","locations":[{"start":{"line":613,"column":13},"end":{"line":613,"column":null}},{"start":{"line":614,"column":14},"end":{"line":620,"column":null}}],"line":613},"26":{"loc":{"start":{"line":622,"column":13},"end":{"line":629,"column":null}},"type":"binary-expr","locations":[{"start":{"line":622,"column":13},"end":{"line":622,"column":null}},{"start":{"line":623,"column":14},"end":{"line":629,"column":null}}],"line":622},"27":{"loc":{"start":{"line":631,"column":13},"end":{"line":638,"column":null}},"type":"binary-expr","locations":[{"start":{"line":631,"column":13},"end":{"line":631,"column":null}},{"start":{"line":632,"column":14},"end":{"line":638,"column":null}}],"line":631},"28":{"loc":{"start":{"line":640,"column":13},"end":{"line":647,"column":null}},"type":"binary-expr","locations":[{"start":{"line":640,"column":13},"end":{"line":640,"column":null}},{"start":{"line":641,"column":14},"end":{"line":647,"column":null}}],"line":640},"29":{"loc":{"start":{"line":671,"column":21},"end":{"line":681,"column":null}},"type":"binary-expr","locations":[{"start":{"line":671,"column":21},"end":{"line":671,"column":null}},{"start":{"line":672,"column":22},"end":{"line":681,"column":null}}],"line":671},"30":{"loc":{"start":{"line":676,"column":33},"end":{"line":676,"column":null}},"type":"cond-expr","locations":[{"start":{"line":676,"column":62},"end":{"line":676,"column":74}},{"start":{"line":676,"column":74},"end":{"line":676,"column":null}}],"line":676},"31":{"loc":{"start":{"line":689,"column":13},"end":{"line":718,"column":null}},"type":"cond-expr","locations":[{"start":{"line":690,"column":14},"end":{"line":710,"column":null}},{"start":{"line":712,"column":14},"end":{"line":718,"column":null}}],"line":689},"32":{"loc":{"start":{"line":727,"column":19},"end":{"line":727,"column":81}},"type":"cond-expr","locations":[{"start":{"line":727,"column":54},"end":{"line":727,"column":79}},{"start":{"line":727,"column":79},"end":{"line":727,"column":81}}],"line":727}},"s":{"0":1,"1":0,"2":0,"3":0,"4":0,"5":0,"6":0,"7":0,"8":0,"9":0,"10":0,"11":0,"12":0,"13":0,"14":0,"15":0,"16":0,"17":0,"18":0,"19":0,"20":0,"21":0,"22":0,"23":0,"24":0,"25":0,"26":0,"27":0,"28":0,"29":0,"30":0,"31":0,"32":0,"33":0,"34":0,"35":0,"36":0,"37":0,"38":0,"39":0,"40":0,"41":0,"42":0,"43":0,"44":0,"45":0,"46":0,"47":0,"48":0,"49":0,"50":0,"51":0,"52":0,"53":0,"54":0,"55":0,"56":0,"57":0,"58":0,"59":0,"60":0,"61":0,"62":0,"63":0,"64":0,"65":0,"66":0,"67":0,"68":0,"69":0,"70":0,"71":0,"72":0,"73":0,"74":0,"75":0,"76":0,"77":0,"78":0,"79":0,"80":0,"81":0,"82":0,"83":0,"84":0,"85":0,"86":0,"87":0,"88":0,"89":0,"90":0,"91":0,"92":0,"93":0,"94":0,"95":0,"96":0,"97":0,"98":0,"99":0,"100":0,"101":0,"102":0,"103":0,"104":0,"105":0,"106":0,"107":0,"108":0,"109":0,"110":0,"111":0,"112":0,"113":0,"114":0,"115":0,"116":0,"117":0,"118":0,"119":0,"120":0,"121":0,"122":0,"123":0,"124":0,"125":0,"126":0,"127":0,"128":0,"129":0,"130":0,"131":0,"132":0,"133":0,"134":0,"135":0,"136":0,"137":0,"138":0,"139":0,"140":0,"141":0,"142":0,"143":0,"144":0,"145":0,"146":0,"147":0,"148":0,"149":0,"150":0,"151":0,"152":0,"153":0,"154":0,"155":0,"156":0,"157":0,"158":0,"159":0,"160":0,"161":0,"162":0,"163":0,"164":0,"165":0,"166":0,"167":0,"168":0,"169":0,"170":0,"171":0},"f":{"0":0,"1":0,"2":0,"3":0,"4":0,"5":0,"6":0,"7":0,"8":0,"9":0,"10":0,"11":0,"12":0,"13":0,"14":0,"15":0,"16":0,"17":0,"18":0,"19":0,"20":0,"21":0,"22":0,"23":0,"24":0,"25":0,"26":0,"27":0,"28":0,"29":0,"30":0,"31":0,"32":0,"33":0,"34":0,"35":0,"36":0,"37":0,"38":0,"39":0,"40":0,"41":0,"42":0,"43":0,"44":0,"45":0,"46":0,"47":0,"48":0,"49":0,"50":0,"51":0,"52":0,"53":0,"54":0,"55":0,"56":0,"57":0,"58":0,"59":0,"60":0,"61":0,"62":0,"63":0,"64":0,"65":0,"66":0,"67":0,"68":0,"69":0,"70":0,"71":0,"72":0,"73":0},"b":{"0":[0,0],"1":[0,0],"2":[0,0,0,0,0],"3":[0,0,0,0,0],"4":[0,0,0],"5":[0,0],"6":[0,0,0,0,0],"7":[0,0],"8":[0,0],"9":[0,0],"10":[0,0],"11":[0,0],"12":[0,0],"13":[0,0,0,0,0,0],"14":[0,0],"15":[0,0],"16":[0,0],"17":[0,0],"18":[0,0],"19":[0,0],"20":[0,0,0,0,0],"21":[0,0],"22":[0,0],"23":[0,0,0,0,0],"24":[0,0,0,0,0],"25":[0,0],"26":[0,0],"27":[0,0],"28":[0,0],"29":[0,0],"30":[0,0],"31":[0,0],"32":[0,0]},"meta":{"lastBranch":33,"lastFunction":74,"lastStatement":172,"seen":{"s:35:23:759:Infinity":0,"f:35:23:35:29":0,"s:37:18:47:Infinity":1,"s:50:34:50:Infinity":2,"s:53:26:53:Infinity":3,"s:56:50:56:Infinity":4,"s:57:50:57:Infinity":5,"s:58:40:63:Infinity":6,"s:66:22:66:Infinity":7,"s:67:36:67:Infinity":8,"s:70:8:73:Infinity":9,"f:70:31:70:Infinity":1,"s:71:4:71:Infinity":10,"f:71:34:71:41":2,"s:71:41:71:50":11,"s:75:8:78:Infinity":12,"f:75:33:75:Infinity":3,"s:76:4:76:Infinity":13,"f:76:34:76:41":4,"s:76:41:76:52":14,"s:80:8:83:Infinity":15,"f:80:33:80:Infinity":5,"s:81:4:81:Infinity":16,"f:81:34:81:41":6,"s:81:41:81:52":17,"s:85:8:88:Infinity":18,"f:85:33:85:39":7,"s:86:24:86:Infinity":19,"f:86:46:86:53":8,"s:86:53:86:72":20,"s:87:4:87:Infinity":21,"f:87:42:87:43":9,"s:87:52:87:57":22,"s:91:34:94:Infinity":23,"f:91:34:91:35":10,"s:92:4:92:Infinity":24,"s:93:4:93:Infinity":25,"s:96:34:99:Infinity":26,"f:96:34:96:40":11,"s:97:4:97:Infinity":27,"s:98:4:98:Infinity":28,"s:102:34:109:Infinity":29,"f:102:34:102:35":12,"s:103:4:108:Infinity":30,"f:103:21:103:30":13,"s:103:30:108:6":31,"b:106:10:106:Infinity:107:10:107:Infinity":0,"f:106:28:106:33":14,"s:106:33:106:44":32,"s:111:36:116:Infinity":33,"f:111:36:111:37":15,"s:112:4:115:Infinity":34,"f:112:21:112:30":16,"s:112:30:115:6":35,"s:118:36:123:Infinity":36,"f:118:36:118:37":17,"s:119:4:122:Infinity":37,"f:119:21:119:30":18,"s:119:30:122:6":38,"s:125:36:135:Infinity":39,"f:125:36:125:37":19,"s:126:4:134:Infinity":40,"f:126:21:126:30":20,"s:126:30:134:6":41,"b:131:12:131:Infinity:132:12:132:Infinity":1,"f:131:49:131:54":21,"s:131:54:131:67":42,"s:137:35:145:Infinity":43,"f:137:35:137:36":22,"s:138:4:144:Infinity":44,"f:138:21:138:30":23,"s:138:30:144:6":45,"s:147:28:167:Infinity":46,"f:147:28:147:29":24,"b:149:6:151:Infinity:152:6:154:Infinity:155:6:157:Infinity:158:6:163:Infinity:164:6:165:Infinity":2,"s:148:4:166:Infinity":47,"s:150:8:150:Infinity":48,"f:150:25:150:34":25,"s:150:34:150:57":49,"s:151:8:151:Infinity":50,"s:153:8:153:Infinity":51,"f:153:25:153:34":26,"s:153:34:153:59":52,"s:154:8:154:Infinity":53,"s:156:8:156:Infinity":54,"f:156:25:156:34":27,"s:156:34:156:59":55,"s:157:8:157:Infinity":56,"s:159:8:162:Infinity":57,"f:159:25:159:34":28,"s:159:34:162:10":58,"s:163:8:163:Infinity":59,"s:165:8:165:Infinity":60,"s:169:32:176:Infinity":61,"f:169:32:169:38":29,"s:170:4:175:Infinity":62,"s:179:26:194:Infinity":63,"f:179:26:179:27":30,"b:181:6:182:Infinity:183:6:184:Infinity:185:6:186:Infinity:187:6:190:Infinity:191:6:192:Infinity":3,"s:180:4:193:Infinity":64,"s:182:8:182:Infinity":65,"s:184:8:184:Infinity":66,"s:186:8:186:Infinity":67,"s:188:8:190:Infinity":68,"b:188:15:188:Infinity:189:15:189:Infinity:190:15:190:Infinity":4,"s:192:8:192:Infinity":69,"s:197:27:199:Infinity":70,"f:197:27:197:28":31,"s:198:4:198:Infinity":71,"s:202:8:297:Infinity":72,"f:202:40:202:46":32,"s:203:15:203:Infinity":73,"b:206:4:215:Infinity:undefined:undefined:undefined:undefined":5,"s:206:4:215:Infinity":74,"s:207:26:207:Infinity":75,"s:208:6:214:Infinity":76,"f:208:25:208:Infinity":33,"s:209:8:213:Infinity":77,"b:209:8:209:Infinity:210:8:210:Infinity:211:8:211:Infinity:212:8:212:Infinity:213:8:213:Infinity":6,"b:219:4:221:Infinity:undefined:undefined:undefined:undefined":7,"s:219:4:221:Infinity":78,"s:220:6:220:Infinity":79,"f:220:25:220:32":34,"s:220:32:220:71":80,"b:224:4:227:Infinity:undefined:undefined:undefined:undefined":8,"s:224:4:227:Infinity":81,"s:225:27:225:Infinity":82,"s:226:6:226:Infinity":83,"f:226:25:226:32":35,"s:226:32:226:80":84,"b:230:4:233:Infinity:undefined:undefined:undefined:undefined":9,"s:230:4:233:Infinity":85,"s:231:27:231:Infinity":86,"s:232:6:232:Infinity":87,"f:232:25:232:32":36,"s:232:32:232:80":88,"b:236:4:242:Infinity:undefined:undefined:undefined:undefined":10,"s:236:4:242:Infinity":89,"s:237:6:241:Infinity":90,"f:237:25:237:Infinity":37,"s:238:8:240:Infinity":91,"f:238:33:238:Infinity":38,"s:239:10:239:Infinity":92,"b:244:4:249:Infinity:undefined:undefined:undefined:undefined":11,"s:244:4:249:Infinity":93,"s:245:25:245:Infinity":94,"s:246:6:248:Infinity":95,"f:246:25:246:Infinity":39,"s:247:8:247:Infinity":96,"f:247:33:247:44":40,"s:247:44:247:65":97,"b:251:4:256:Infinity:undefined:undefined:undefined:undefined":12,"s:251:4:256:Infinity":98,"s:252:25:252:Infinity":99,"s:253:6:255:Infinity":100,"f:253:25:253:Infinity":41,"s:254:8:254:Infinity":101,"f:254:33:254:44":42,"s:254:44:254:65":102,"s:259:40:259:Infinity":103,"s:261:4:294:Infinity":104,"f:261:14:261:15":43,"b:265:8:268:Infinity:269:8:272:Infinity:273:8:276:Infinity:277:8:280:Infinity:281:8:284:Infinity:285:8:286:Infinity":13,"s:264:6:287:Infinity":105,"s:266:10:266:Infinity":106,"s:267:10:267:Infinity":107,"s:268:10:268:Infinity":108,"s:270:10:270:Infinity":109,"s:271:10:271:Infinity":110,"s:272:10:272:Infinity":111,"s:274:10:274:Infinity":112,"s:275:10:275:Infinity":113,"s:276:10:276:Infinity":114,"s:278:10:278:Infinity":115,"s:279:10:279:Infinity":116,"s:280:10:280:Infinity":117,"s:282:10:282:Infinity":118,"s:283:10:283:Infinity":119,"s:284:10:284:Infinity":120,"s:286:10:286:Infinity":121,"b:289:6:293:Infinity:291:13:293:Infinity":14,"s:289:6:293:Infinity":122,"s:290:8:290:Infinity":123,"b:290:33:290:37:290:37:290:Infinity":15,"b:290:55:290:60:290:60:290:Infinity":16,"s:292:8:292:Infinity":124,"b:292:33:292:37:292:37:292:Infinity":17,"b:292:55:292:60:292:60:292:Infinity":18,"s:296:4:296:Infinity":125,"s:300:8:303:Infinity":126,"f:300:32:300:38":44,"s:301:23:301:Infinity":127,"s:302:4:302:Infinity":128,"s:306:27:308:Infinity":129,"f:306:27:306:28":45,"s:307:4:307:Infinity":130,"s:310:34:313:Infinity":131,"f:310:34:310:35":46,"s:311:4:311:Infinity":132,"s:312:4:312:Infinity":133,"s:315:28:317:Infinity":134,"f:315:28:315:29":47,"s:316:4:316:Infinity":135,"s:319:27:319:Infinity":136,"s:322:29:505:Infinity":137,"f:322:29:322:35":48,"b:323:4:323:Infinity:undefined:undefined:undefined:undefined":19,"s:323:4:323:Infinity":138,"s:323:29:323:Infinity":139,"b:326:6:351:Infinity:354:6:397:Infinity:400:6:443:Infinity:446:6:499:Infinity:502:6:503:Infinity":20,"s:325:4:504:Infinity":140,"s:327:8:351:Infinity":141,"f:332:30:332:Infinity":49,"s:333:14:340:Infinity":142,"f:336:28:336:34":50,"s:336:34:336:Infinity":143,"f:344:23:344:29":51,"s:344:29:344:Infinity":144,"s:355:8:397:Infinity":145,"f:365:24:365:25":52,"s:365:31:365:Infinity":146,"f:372:34:372:Infinity":53,"s:373:16:385:Infinity":147,"b:380:65:380:85:380:85:380:Infinity":21,"f:382:27:382:33":54,"s:382:33:382:Infinity":148,"f:390:23:390:29":55,"s:390:29:390:Infinity":149,"s:401:8:443:Infinity":150,"f:411:24:411:25":56,"s:411:31:411:Infinity":151,"f:418:34:418:Infinity":57,"s:419:16:431:Infinity":152,"b:426:65:426:85:426:85:426:Infinity":22,"f:428:27:428:33":58,"s:428:33:428:Infinity":153,"f:436:23:436:29":59,"s:436:29:436:Infinity":154,"s:447:8:499:Infinity":155,"f:462:26:462:27":60,"s:462:33:462:Infinity":156,"f:470:26:470:27":61,"s:470:33:470:Infinity":157,"f:479:34:479:Infinity":62,"s:480:16:487:Infinity":158,"f:483:30:483:36":63,"s:483:36:483:Infinity":159,"f:493:23:493:29":64,"s:493:29:493:Infinity":160,"s:503:8:503:Infinity":161,"s:507:2:757:Infinity":162,"f:570:22:570:23":65,"s:570:29:570:Infinity":163,"b:590:8:590:36:590:36:590:Infinity:591:8:591:38:591:38:591:Infinity:592:8:602:Infinity":23,"b:606:8:606:36:606:36:606:Infinity:607:8:607:38:607:38:607:Infinity:608:8:650:Infinity":24,"b:613:13:613:Infinity:614:14:620:Infinity":25,"f:616:26:616:32":66,"s:616:32:616:Infinity":164,"b:622:13:622:Infinity:623:14:629:Infinity":26,"f:625:26:625:32":67,"s:625:32:625:Infinity":165,"b:631:13:631:Infinity:632:14:638:Infinity":27,"f:634:26:634:32":68,"s:634:32:634:Infinity":166,"b:640:13:640:Infinity:641:14:647:Infinity":28,"f:643:26:643:32":69,"s:643:32:643:Infinity":167,"f:658:27:658:28":70,"s:659:16:684:Infinity":168,"b:671:21:671:Infinity:672:22:681:Infinity":29,"f:674:33:674:34":71,"s:674:40:674:Infinity":169,"b:676:62:676:74:676:74:676:Infinity":30,"b:690:14:710:Infinity:712:14:718:Infinity":31,"f:690:32:690:33":72,"s:691:16:709:Infinity":170,"f:704:31:704:37":73,"s:704:37:704:Infinity":171,"b:727:54:727:79:727:79:727:81":32}}}
,"C:\\Users\\Hp\\dashboard\\src\\pages\\HomePage.css": {"path":"C:\\Users\\Hp\\dashboard\\src\\pages\\HomePage.css","statementMap":{},"fnMap":{},"branchMap":{},"s":{},"f":{},"b":{},"meta":{"lastBranch":0,"lastFunction":0,"lastStatement":0,"seen":{}}}
,"C:\\Users\\Hp\\dashboard\\src\\pages\\HomePage.jsx": {"path":"C:\\Users\\Hp\\dashboard\\src\\pages\\HomePage.jsx","statementMap":{"0":{"start":{"line":10,"column":25},"end":{"line":14,"column":null}},"1":{"start":{"line":16,"column":27},"end":{"line":20,"column":null}},"2":{"start":{"line":22,"column":17},"end":{"line":113,"column":null}},"3":{"start":{"line":23,"column":8},"end":{"line":23,"column":null}},"4":{"start":{"line":25,"column":21},"end":{"line":28,"column":null}},"5":{"start":{"line":26,"column":4},"end":{"line":26,"column":null}},"6":{"start":{"line":27,"column":4},"end":{"line":27,"column":null}},"7":{"start":{"line":30,"column":27},"end":{"line":33,"column":null}},"8":{"start":{"line":31,"column":4},"end":{"line":31,"column":null}},"9":{"start":{"line":35,"column":32},"end":{"line":38,"column":null}},"10":{"start":{"line":36,"column":4},"end":{"line":36,"column":null}},"11":{"start":{"line":40,"column":25},"end":{"line":43,"column":null}},"12":{"start":{"line":41,"column":4},"end":{"line":41,"column":null}},"13":{"start":{"line":45,"column":28},"end":{"line":49,"column":null}},"14":{"start":{"line":47,"column":4},"end":{"line":47,"column":null}},"15":{"start":{"line":48,"column":4},"end":{"line":48,"column":null}},"16":{"start":{"line":51,"column":2},"end":{"line":111,"column":null}}},"fnMap":{"0":{"name":"(anonymous_0)","decl":{"start":{"line":22,"column":17},"end":{"line":22,"column":18}},"loc":{"start":{"line":22,"column":64},"end":{"line":113,"column":null}},"line":22},"1":{"name":"(anonymous_1)","decl":{"start":{"line":25,"column":21},"end":{"line":25,"column":27}},"loc":{"start":{"line":25,"column":27},"end":{"line":28,"column":null}},"line":25},"2":{"name":"(anonymous_2)","decl":{"start":{"line":30,"column":27},"end":{"line":30,"column":33}},"loc":{"start":{"line":30,"column":33},"end":{"line":33,"column":null}},"line":30},"3":{"name":"(anonymous_3)","decl":{"start":{"line":35,"column":32},"end":{"line":35,"column":33}},"loc":{"start":{"line":35,"column":43},"end":{"line":38,"column":null}},"line":35},"4":{"name":"(anonymous_4)","decl":{"start":{"line":40,"column":25},"end":{"line":40,"column":31}},"loc":{"start":{"line":40,"column":31},"end":{"line":43,"column":null}},"line":40},"5":{"name":"(anonymous_5)","decl":{"start":{"line":45,"column":28},"end":{"line":45,"column":34}},"loc":{"start":{"line":45,"column":34},"end":{"line":49,"column":null}},"line":45}},"branchMap":{"0":{"loc":{"start":{"line":22,"column":20},"end":{"line":22,"column":49}},"type":"default-arg","locations":[{"start":{"line":22,"column":27},"end":{"line":22,"column":49}}],"line":22},"1":{"loc":{"start":{"line":59,"column":11},"end":{"line":62,"column":null}},"type":"binary-expr","locations":[{"start":{"line":59,"column":11},"end":{"line":59,"column":null}},{"start":{"line":60,"column":12},"end":{"line":62,"column":null}}],"line":59}},"s":{"0":3,"1":3,"2":3,"3":62,"4":62,"5":5,"6":5,"7":62,"8":9,"9":62,"10":2,"11":62,"12":8,"13":62,"14":6,"15":6,"16":62},"f":{"0":62,"1":5,"2":9,"3":2,"4":8,"5":6},"b":{"0":[62],"1":[62,61]},"meta":{"lastBranch":2,"lastFunction":6,"lastStatement":17,"seen":{"s:10:25:14:Infinity":0,"s:16:27:20:Infinity":1,"s:22:17:113:Infinity":2,"f:22:17:22:18":0,"b:22:27:22:49":0,"s:23:8:23:Infinity":3,"s:25:21:28:Infinity":4,"f:25:21:25:27":1,"s:26:4:26:Infinity":5,"s:27:4:27:Infinity":6,"s:30:27:33:Infinity":7,"f:30:27:30:33":2,"s:31:4:31:Infinity":8,"s:35:32:38:Infinity":9,"f:35:32:35:33":3,"s:36:4:36:Infinity":10,"s:40:25:43:Infinity":11,"f:40:25:40:31":4,"s:41:4:41:Infinity":12,"s:45:28:49:Infinity":13,"f:45:28:45:34":5,"s:47:4:47:Infinity":14,"s:48:4:48:Infinity":15,"s:51:2:111:Infinity":16,"b:59:11:59:Infinity:60:12:62:Infinity":1}}}
}
