{"C:\\Users\\Hp\\dashboard\\src\\assets\\algoai.png": {"path":"C:\\Users\\Hp\\dashboard\\src\\assets\\algoai.png","statementMap":{},"fnMap":{},"branchMap":{},"s":{},"f":{},"b":{},"meta":{"lastBranch":0,"lastFunction":0,"lastStatement":0,"seen":{}}}
,"C:\\Users\\Hp\\dashboard\\src\\assets\\dnacoe.png": {"path":"C:\\Users\\Hp\\dashboard\\src\\assets\\dnacoe.png","statementMap":{},"fnMap":{},"branchMap":{},"s":{},"f":{},"b":{},"meta":{"lastBranch":0,"lastFunction":0,"lastStatement":0,"seen":{}}}
,"C:\\Users\\Hp\\dashboard\\src\\assets\\project-infinity.png": {"path":"C:\\Users\\Hp\\dashboard\\src\\assets\\project-infinity.png","statementMap":{},"fnMap":{},"branchMap":{},"s":{},"f":{},"b":{},"meta":{"lastBranch":0,"lastFunction":0,"lastStatement":0,"seen":{}}}
,"C:\\Users\\Hp\\dashboard\\src\\components\\LoginForm.css": {"path":"C:\\Users\\Hp\\dashboard\\src\\components\\LoginForm.css","statementMap":{},"fnMap":{},"branchMap":{},"s":{},"f":{},"b":{},"meta":{"lastBranch":0,"lastFunction":0,"lastStatement":0,"seen":{}}}
,"C:\\Users\\Hp\\dashboard\\src\\components\\LoginForm.jsx": {"path":"C:\\Users\\Hp\\dashboard\\src\\components\\LoginForm.jsx","statementMap":{"0":{"start":{"line":10,"column":25},"end":{"line":12,"column":null}},"1":{"start":{"line":14,"column":18},"end":{"line":112,"column":null}},"2":{"start":{"line":15,"column":8},"end":{"line":15,"column":null}},"3":{"start":{"line":17,"column":2},"end":{"line":110,"column":null}},"4":{"start":{"line":70,"column":16},"end":{"line":70,"column":null}},"5":{"start":{"line":73,"column":16},"end":{"line":73,"column":null}},"6":{"start":{"line":75,"column":16},"end":{"line":75,"column":null}},"7":{"start":{"line":79,"column":16},"end":{"line":104,"column":null}}},"fnMap":{"0":{"name":"(anonymous_0)","decl":{"start":{"line":14,"column":18},"end":{"line":14,"column":19}},"loc":{"start":{"line":14,"column":35},"end":{"line":112,"column":null}},"line":14},"1":{"name":"(anonymous_1)","decl":{"start":{"line":68,"column":24},"end":{"line":68,"column":25}},"loc":{"start":{"line":68,"column":55},"end":{"line":76,"column":null}},"line":68},"2":{"name":"(anonymous_2)","decl":{"start":{"line":78,"column":15},"end":{"line":78,"column":16}},"loc":{"start":{"line":79,"column":16},"end":{"line":104,"column":null}},"line":79}},"branchMap":{"0":{"loc":{"start":{"line":86,"column":46},"end":{"line":86,"column":90}},"type":"cond-expr","locations":[{"start":{"line":86,"column":78},"end":{"line":86,"column":88}},{"start":{"line":86,"column":88},"end":{"line":86,"column":90}}],"line":86},"1":{"loc":{"start":{"line":86,"column":46},"end":{"line":86,"column":78}},"type":"binary-expr","locations":[{"start":{"line":86,"column":46},"end":{"line":86,"column":63}},{"start":{"line":86,"column":63},"end":{"line":86,"column":78}}],"line":86},"2":{"loc":{"start":{"line":92,"column":21},"end":{"line":93,"column":null}},"type":"binary-expr","locations":[{"start":{"line":92,"column":21},"end":{"line":92,"column":38}},{"start":{"line":92,"column":38},"end":{"line":92,"column":null}},{"start":{"line":93,"column":22},"end":{"line":93,"column":null}}],"line":92}},"s":{"0":2,"1":2,"2":24,"3":24,"4":8,"5":8,"6":8,"7":215},"f":{"0":24,"1":8,"2":215},"b":{"0":[7,208],"1":[215,49],"2":[215,49,7]},"meta":{"lastBranch":3,"lastFunction":3,"lastStatement":8,"seen":{"s:10:25:12:Infinity":0,"s:14:18:112:Infinity":1,"f:14:18:14:19":0,"s:15:8:15:Infinity":2,"s:17:2:110:Infinity":3,"f:68:24:68:25":1,"s:70:16:70:Infinity":4,"s:73:16:73:Infinity":5,"s:75:16:75:Infinity":6,"f:78:15:78:16":2,"s:79:16:104:Infinity":7,"b:86:78:86:88:86:88:86:90":0,"b:86:46:86:63:86:63:86:78":1,"b:92:21:92:38:92:38:92:Infinity:93:22:93:Infinity":2}}}
,"C:\\Users\\Hp\\dashboard\\src\\pages\\HomePage.css": {"path":"C:\\Users\\Hp\\dashboard\\src\\pages\\HomePage.css","statementMap":{},"fnMap":{},"branchMap":{},"s":{},"f":{},"b":{},"meta":{"lastBranch":0,"lastFunction":0,"lastStatement":0,"seen":{}}}
,"C:\\Users\\Hp\\dashboard\\src\\pages\\HomePage.jsx": {"path":"C:\\Users\\Hp\\dashboard\\src\\pages\\HomePage.jsx","statementMap":{"0":{"start":{"line":10,"column":25},"end":{"line":14,"column":null}},"1":{"start":{"line":16,"column":27},"end":{"line":20,"column":null}},"2":{"start":{"line":22,"column":17},"end":{"line":113,"column":null}},"3":{"start":{"line":23,"column":8},"end":{"line":23,"column":null}},"4":{"start":{"line":25,"column":21},"end":{"line":28,"column":null}},"5":{"start":{"line":26,"column":4},"end":{"line":26,"column":null}},"6":{"start":{"line":27,"column":4},"end":{"line":27,"column":null}},"7":{"start":{"line":30,"column":27},"end":{"line":33,"column":null}},"8":{"start":{"line":31,"column":4},"end":{"line":31,"column":null}},"9":{"start":{"line":35,"column":32},"end":{"line":38,"column":null}},"10":{"start":{"line":36,"column":4},"end":{"line":36,"column":null}},"11":{"start":{"line":40,"column":25},"end":{"line":43,"column":null}},"12":{"start":{"line":41,"column":4},"end":{"line":41,"column":null}},"13":{"start":{"line":45,"column":28},"end":{"line":49,"column":null}},"14":{"start":{"line":47,"column":4},"end":{"line":47,"column":null}},"15":{"start":{"line":48,"column":4},"end":{"line":48,"column":null}},"16":{"start":{"line":51,"column":2},"end":{"line":111,"column":null}}},"fnMap":{"0":{"name":"(anonymous_0)","decl":{"start":{"line":22,"column":17},"end":{"line":22,"column":18}},"loc":{"start":{"line":22,"column":64},"end":{"line":113,"column":null}},"line":22},"1":{"name":"(anonymous_1)","decl":{"start":{"line":25,"column":21},"end":{"line":25,"column":27}},"loc":{"start":{"line":25,"column":27},"end":{"line":28,"column":null}},"line":25},"2":{"name":"(anonymous_2)","decl":{"start":{"line":30,"column":27},"end":{"line":30,"column":33}},"loc":{"start":{"line":30,"column":33},"end":{"line":33,"column":null}},"line":30},"3":{"name":"(anonymous_3)","decl":{"start":{"line":35,"column":32},"end":{"line":35,"column":33}},"loc":{"start":{"line":35,"column":43},"end":{"line":38,"column":null}},"line":35},"4":{"name":"(anonymous_4)","decl":{"start":{"line":40,"column":25},"end":{"line":40,"column":31}},"loc":{"start":{"line":40,"column":31},"end":{"line":43,"column":null}},"line":40},"5":{"name":"(anonymous_5)","decl":{"start":{"line":45,"column":28},"end":{"line":45,"column":34}},"loc":{"start":{"line":45,"column":34},"end":{"line":49,"column":null}},"line":45}},"branchMap":{"0":{"loc":{"start":{"line":22,"column":20},"end":{"line":22,"column":49}},"type":"default-arg","locations":[{"start":{"line":22,"column":27},"end":{"line":22,"column":49}}],"line":22},"1":{"loc":{"start":{"line":59,"column":11},"end":{"line":62,"column":null}},"type":"binary-expr","locations":[{"start":{"line":59,"column":11},"end":{"line":59,"column":null}},{"start":{"line":60,"column":12},"end":{"line":62,"column":null}}],"line":59}},"s":{"0":2,"1":2,"2":2,"3":60,"4":60,"5":5,"6":5,"7":60,"8":9,"9":60,"10":2,"11":60,"12":8,"13":60,"14":5,"15":5,"16":60},"f":{"0":60,"1":5,"2":9,"3":2,"4":8,"5":5},"b":{"0":[60],"1":[60,59]},"meta":{"lastBranch":2,"lastFunction":6,"lastStatement":17,"seen":{"s:10:25:14:Infinity":0,"s:16:27:20:Infinity":1,"s:22:17:113:Infinity":2,"f:22:17:22:18":0,"b:22:27:22:49":0,"s:23:8:23:Infinity":3,"s:25:21:28:Infinity":4,"f:25:21:25:27":1,"s:26:4:26:Infinity":5,"s:27:4:27:Infinity":6,"s:30:27:33:Infinity":7,"f:30:27:30:33":2,"s:31:4:31:Infinity":8,"s:35:32:38:Infinity":9,"f:35:32:35:33":3,"s:36:4:36:Infinity":10,"s:40:25:43:Infinity":11,"f:40:25:40:31":4,"s:41:4:41:Infinity":12,"s:45:28:49:Infinity":13,"f:45:28:45:34":5,"s:47:4:47:Infinity":14,"s:48:4:48:Infinity":15,"s:51:2:111:Infinity":16,"b:59:11:59:Infinity:60:12:62:Infinity":1}}}
}
